[03-May-2026 12:32:56 Europe/Berlin] Erreur PDO : SQLSTATE[42S02]: Base table or view not found: 1146 Table 'vite_et_gourmand.message_contact' doesn't exist
[03-May-2026 12:35:16 Europe/Berlin] TEST LOG
[03-May-2026 12:46:49 Europe/Berlin] TEST LOG
[03-May-2026 12:49:39 Europe/Berlin] Erreur PDO : SQLSTATE[42S22]: Column not found: 1054 Unknown column 'titre_message' in 'field list'
[03-May-2026 18:10:44 Europe/Berlin] PHP Warning:  Undefined array key "livraison_adresse_complément" in C:\xampp\htdocs\ecf\espace_utilisateur.php on line 67
[03-May-2026 18:14:28 Europe/Berlin] PHP Warning:  Undefined array key "livraison_adresse_complément" in C:\xampp\htdocs\ecf\espace_utilisateur.php on line 67
[03-May-2026 18:19:01 Europe/Berlin] PHP Warning:  Undefined array key "livraison_adresse_complément" in C:\xampp\htdocs\ecf\espace_utilisateur.php on line 67
[03-May-2026 19:09:29 Europe/Berlin] Erreur PDO : SQLSTATE[23000]: Integrity constraint violation: 1062 Duplicate entry 'chtitsoeur@gmail.com' for key 'email'
[03-May-2026 19:11:18 Europe/Berlin] PHP Warning:  mail(): Failed to connect to mailserver at &quot;localhost&quot; port 25, verify your &quot;SMTP&quot; and &quot;smtp_port&quot; setting in php.ini or use ini_set() in C:\xampp\htdocs\ecf\traitement_inscription.php on line 164
[03-May-2026 19:11:18 Europe/Berlin] Erreur envoi mail de bienvenue pour : bernadette.barran78@wanadoo.fr
[03-May-2026 19:18:29 Europe/Berlin] PHP Warning:  Undefined array key "livraison_adresse_complément" in C:\xampp\htdocs\ecf\espace_utilisateur.php on line 67
[03-May-2026 20:18:23 Europe/Berlin] PHP Warning:  Undefined array key "livraison_adresse_complément" in C:\xampp\htdocs\ecf\espace_utilisateur.php on line 67
[03-May-2026 20:32:47 Europe/Berlin] PHP Warning:  Undefined array key "livraison_adresse_complément" in C:\xampp\htdocs\ecf\espace_utilisateur.php on line 67
[04-May-2026 16:57:33 Europe/Berlin] PHP Warning:  Undefined array key "livraison_adresse_complément" in C:\xampp\htdocs\ecf\espace_utilisateur.php on line 67
[06-May-2026 17:17:45 Europe/Berlin] PHP Warning:  Undefined array key "livraison_adresse_complément" in C:\xampp\htdocs\ecf\espace_utilisateur.php on line 67
[06-May-2026 17:30:26 Europe/Berlin] PHP Warning:  Undefined array key "livraison_adresse_complément" in C:\xampp\htdocs\ecf\espace_utilisateur.php on line 67
[06-May-2026 19:57:35 Europe/Berlin] PHP Warning:  Undefined array key "livraison_adresse_complément" in C:\xampp\htdocs\ecf\espace_utilisateur.php on line 67
[15-May-2026 16:30:43 Europe/Berlin] PHP Fatal error:  Uncaught PDOException: SQLSTATE[42S22]: Column not found: 1054 Unknown column 'commandes.id_commandes' in 'field list' in C:\xampp\htdocs\ecf\espace_employe.php:18
Stack trace:
#0 C:\xampp\htdocs\ecf\espace_employe.php(18): PDO->prepare('\r\n    SELECT \r\n...')
#1 {main}
  thrown in C:\xampp\htdocs\ecf\espace_employe.php on line 18
[15-May-2026 16:32:22 Europe/Berlin] PHP Fatal error:  Uncaught PDOException: SQLSTATE[42S22]: Column not found: 1054 Unknown column 'commandes.id_commandes' in 'field list' in C:\xampp\htdocs\ecf\espace_employe.php:17
Stack trace:
#0 C:\xampp\htdocs\ecf\espace_employe.php(17): PDO->prepare('\r\n    SELECT \r\n...')
#1 {main}
  thrown in C:\xampp\htdocs\ecf\espace_employe.php on line 17
[15-May-2026 22:53:33 Europe/Berlin] PHP Fatal error:  Uncaught PDOException: SQLSTATE[42S02]: Base table or view not found: 1146 Table 'vite_et_gourmand.regime' doesn't exist in C:\xampp\htdocs\ecf\espace_employe.php:38
Stack trace:
#0 C:\xampp\htdocs\ecf\espace_employe.php(38): PDO->prepare('\r\n    SELECT \r\n...')
#1 {main}
  thrown in C:\xampp\htdocs\ecf\espace_employe.php on line 38
[15-May-2026 22:53:54 Europe/Berlin] PHP Fatal error:  Uncaught PDOException: SQLSTATE[42S02]: Base table or view not found: 1146 Table 'vite_et_gourmand.regime' doesn't exist in C:\xampp\htdocs\ecf\espace_employe.php:38
Stack trace:
#0 C:\xampp\htdocs\ecf\espace_employe.php(38): PDO->prepare('\r\n    SELECT \r\n...')
#1 {main}
  thrown in C:\xampp\htdocs\ecf\espace_employe.php on line 38
[15-May-2026 22:54:47 Europe/Berlin] PHP Fatal error:  Uncaught PDOException: SQLSTATE[42S02]: Base table or view not found: 1146 Table 'vite_et_gourmand.regime' doesn't exist in C:\xampp\htdocs\ecf\espace_employe.php:38
Stack trace:
#0 C:\xampp\htdocs\ecf\espace_employe.php(38): PDO->prepare('\r\n    SELECT \r\n...')
#1 {main}
  thrown in C:\xampp\htdocs\ecf\espace_employe.php on line 38
[15-May-2026 22:55:56 Europe/Berlin] PHP Fatal error:  Uncaught PDOException: SQLSTATE[42S02]: Base table or view not found: 1146 Table 'vite_et_gourmand.regime' doesn't exist in C:\xampp\htdocs\ecf\espace_employe.php:38
Stack trace:
#0 C:\xampp\htdocs\ecf\espace_employe.php(38): PDO->prepare('\r\n    SELECT \r\n...')
#1 {main}
  thrown in C:\xampp\htdocs\ecf\espace_employe.php on line 38
[15-May-2026 22:58:32 Europe/Berlin] PHP Fatal error:  Uncaught PDOException: SQLSTATE[42S02]: Base table or view not found: 1146 Table 'vite_et_gourmand.regime' doesn't exist in C:\xampp\htdocs\ecf\espace_employe.php:38
Stack trace:
#0 C:\xampp\htdocs\ecf\espace_employe.php(38): PDO->prepare('\r\n    SELECT \r\n...')
#1 {main}
  thrown in C:\xampp\htdocs\ecf\espace_employe.php on line 38
[15-May-2026 23:20:04 Europe/Berlin] PHP Fatal error:  Uncaught PDOException: SQLSTATE[42S02]: Base table or view not found: 1146 Table 'vite_et_gourmand.regime' doesn't exist in C:\xampp\htdocs\ecf\espace_employe.php:38
Stack trace:
#0 C:\xampp\htdocs\ecf\espace_employe.php(38): PDO->prepare('\r\n    SELECT \r\n...')
#1 {main}
  thrown in C:\xampp\htdocs\ecf\espace_employe.php on line 38
[15-May-2026 23:25:04 Europe/Berlin] PHP Fatal error:  Uncaught PDOException: SQLSTATE[42S02]: Base table or view not found: 1146 Table 'vite_et_gourmand.regime' doesn't exist in C:\xampp\htdocs\ecf\espace_employe.php:38
Stack trace:
#0 C:\xampp\htdocs\ecf\espace_employe.php(38): PDO->prepare('\r\n    SELECT \r\n...')
#1 {main}
  thrown in C:\xampp\htdocs\ecf\espace_employe.php on line 38
[15-May-2026 23:29:15 Europe/Berlin] PHP Fatal error:  Uncaught PDOException: SQLSTATE[42S02]: Base table or view not found: 1146 Table 'vite_et_gourmand.regime' doesn't exist in C:\xampp\htdocs\ecf\espace_employe.php:38
Stack trace:
#0 C:\xampp\htdocs\ecf\espace_employe.php(38): PDO->prepare('\r\n    SELECT \r\n...')
#1 {main}
  thrown in C:\xampp\htdocs\ecf\espace_employe.php on line 38
[15-May-2026 23:52:30 Europe/Berlin] PHP Fatal error:  Uncaught PDOException: SQLSTATE[42S02]: Base table or view not found: 1146 Table 'vite_et_gourmand.regime' doesn't exist in C:\xampp\htdocs\ecf\espace_employe.php:38
Stack trace:
#0 C:\xampp\htdocs\ecf\espace_employe.php(38): PDO->prepare('\r\n    SELECT \r\n...')
#1 {main}
  thrown in C:\xampp\htdocs\ecf\espace_employe.php on line 38
[16-May-2026 13:37:50 Europe/Berlin] Erreur PDO : SQLSTATE[23000]: Integrity constraint violation: 1062 Duplicate entry 'Chtitsoeur' for key 'pseudo'
[16-May-2026 13:38:20 Europe/Berlin] Erreur PDO : SQLSTATE[23000]: Integrity constraint violation: 1062 Duplicate entry 'Chtitsoeur' for key 'pseudo'
[16-May-2026 16:26:13 Europe/Berlin] PHP Fatal error:  Uncaught PDOException: SQLSTATE[42S22]: Column not found: 1054 Unknown column 'adresse' in 'field list' in C:\xampp\htdocs\ecf\formulaire_commande.php:11
Stack trace:
#0 C:\xampp\htdocs\ecf\formulaire_commande.php(11): PDO->prepare('SELECT nom, pre...')
#1 {main}
  thrown in C:\xampp\htdocs\ecf\formulaire_commande.php on line 11
[16-May-2026 16:33:38 Europe/Berlin] PHP Fatal error:  Uncaught PDOException: SQLSTATE[42S22]: Column not found: 1054 Unknown column 'adresse' in 'field list' in C:\xampp\htdocs\ecf\formulaire_commande.php:11
Stack trace:
#0 C:\xampp\htdocs\ecf\formulaire_commande.php(11): PDO->prepare('SELECT nom, pre...')
#1 {main}
  thrown in C:\xampp\htdocs\ecf\formulaire_commande.php on line 11
[16-May-2026 16:35:17 Europe/Berlin] PHP Warning:  Undefined array key "telephone" in C:\xampp\htdocs\ecf\formulaire_commande.php on line 84
[16-May-2026 16:40:15 Europe/Berlin] PHP Warning:  Undefined array key "telephone" in C:\xampp\htdocs\ecf\formulaire_commande.php on line 84
[16-May-2026 16:41:23 Europe/Berlin] PHP Warning:  Undefined array key "telephone" in C:\xampp\htdocs\ecf\formulaire_commande.php on line 84
[16-May-2026 16:45:00 Europe/Berlin] PHP Warning:  Undefined array key "telephone" in C:\xampp\htdocs\ecf\formulaire_commande.php on line 84
[16-May-2026 16:46:29 Europe/Berlin] PHP Warning:  Undefined array key "telephone" in C:\xampp\htdocs\ecf\formulaire_commande.php on line 84
[16-May-2026 19:56:22 Europe/Berlin] Erreur PDO : SQLSTATE[42S22]: Column not found: 1054 Unknown column 'prenom' in 'field list'
[16-May-2026 19:57:11 Europe/Berlin] Erreur PDO : SQLSTATE[42S22]: Column not found: 1054 Unknown column 'prenom' in 'field list'
[16-May-2026 23:55:19 Europe/Berlin] PHP Warning:  Undefined variable $id_utilisateur in C:\xampp\htdocs\ecf\traitement_commande.php on line 68
[16-May-2026 23:55:19 Europe/Berlin] PHP Warning:  Undefined variable $id_horaire_livraison in C:\xampp\htdocs\ecf\traitement_commande.php on line 70
[16-May-2026 23:55:19 Europe/Berlin] PHP Warning:  Undefined variable $id_commune in C:\xampp\htdocs\ecf\traitement_commande.php on line 71
[17-May-2026 07:30:45 Europe/Berlin] Erreur PDO : SQLSTATE[23000]: Integrity constraint violation: 1452 Cannot add or update a child row: a foreign key constraint fails (`vite_et_gourmand`.`utilisateurs`, CONSTRAINT `fk_utilisateurs_role` FOREIGN KEY (`id_role`) REFERENCES `role` (`id_role`) ON UPDATE CASCADE)
[17-May-2026 07:32:18 Europe/Berlin] Erreur PDO : SQLSTATE[23000]: Integrity constraint violation: 1452 Cannot add or update a child row: a foreign key constraint fails (`vite_et_gourmand`.`utilisateurs`, CONSTRAINT `fk_utilisateurs_role` FOREIGN KEY (`id_role`) REFERENCES `role` (`id_role`) ON UPDATE CASCADE)
[17-May-2026 07:36:37 Europe/Berlin] Erreur PDO : SQLSTATE[23000]: Integrity constraint violation: 1452 Cannot add or update a child row: a foreign key constraint fails (`vite_et_gourmand`.`utilisateurs`, CONSTRAINT `fk_utilisateurs_role` FOREIGN KEY (`id_role`) REFERENCES `role` (`id_role`) ON UPDATE CASCADE)
[17-May-2026 07:47:08 Europe/Berlin] Erreur PDO : SQLSTATE[42000]: Syntax error or access violation: 1064 You have an error in your SQL syntax; check the manual that corresponds to your MariaDB server version for the right syntax to use near 'email, 
            mot_de_passe,
            telephone, 
            livr...' at line 8
[17-May-2026 07:53:49 Europe/Berlin] Erreur PDO : SQLSTATE[42000]: Syntax error or access violation: 1064 You have an error in your SQL syntax; check the manual that corresponds to your MariaDB server version for the right syntax to use near 'email, 
            mot_de_passe,
            telephone, 
            livr...' at line 8
[17-May-2026 07:54:25 Europe/Berlin] Erreur PDO : SQLSTATE[42000]: Syntax error or access violation: 1064 You have an error in your SQL syntax; check the manual that corresponds to your MariaDB server version for the right syntax to use near 'email, 
            mot_de_passe,
            telephone, 
            livr...' at line 8
[17-May-2026 07:57:57 Europe/Berlin] PHP Warning:  mail(): Failed to connect to mailserver at &quot;localhost&quot; port 25, verify your &quot;SMTP&quot; and &quot;smtp_port&quot; setting in php.ini or use ini_set() in C:\xampp\htdocs\ecf\traitement_inscription.php on line 175
[17-May-2026 08:04:33 Europe/Berlin] Erreur PDO : SQLSTATE[23000]: Integrity constraint violation: 1062 Duplicate entry 'chtitsoeur@gmail.com' for key 'email'
[17-May-2026 08:05:10 Europe/Berlin] PHP Warning:  mail(): Failed to connect to mailserver at &quot;localhost&quot; port 25, verify your &quot;SMTP&quot; and &quot;smtp_port&quot; setting in php.ini or use ini_set() in C:\xampp\htdocs\ecf\traitement_inscription.php on line 175
[17-May-2026 08:09:18 Europe/Berlin] PHP Warning:  Undefined variable $id_utilisateur in C:\xampp\htdocs\ecf\traitement_commande.php on line 68
[17-May-2026 08:09:18 Europe/Berlin] PHP Warning:  Undefined variable $id_horaire_livraison in C:\xampp\htdocs\ecf\traitement_commande.php on line 70
[17-May-2026 08:09:18 Europe/Berlin] PHP Warning:  Undefined variable $id_commune in C:\xampp\htdocs\ecf\traitement_commande.php on line 71
[17-May-2026 08:57:33 Europe/Berlin] PHP Warning:  Undefined variable $id_utilisateur in C:\xampp\htdocs\ecf\traitement_commande.php on line 68
[17-May-2026 08:57:33 Europe/Berlin] PHP Warning:  Undefined variable $id_horaire_livraison in C:\xampp\htdocs\ecf\traitement_commande.php on line 70
[17-May-2026 08:57:33 Europe/Berlin] PHP Warning:  Undefined variable $id_commune in C:\xampp\htdocs\ecf\traitement_commande.php on line 71
[17-May-2026 10:01:54 Europe/Berlin] PHP Fatal error:  Uncaught PDOException: SQLSTATE[42S02]: Base table or view not found: 1146 Table 'vite_et_gourmand.communes_gironde' doesn't exist in C:\xampp\htdocs\ecf\formulaire_commande.php:132
Stack trace:
#0 C:\xampp\htdocs\ecf\formulaire_commande.php(132): PDO->query('\r\n          SEL...')
#1 {main}
  thrown in C:\xampp\htdocs\ecf\formulaire_commande.php on line 132
[17-May-2026 10:35:10 Europe/Berlin] PHP Fatal error:  Uncaught PDOException: SQLSTATE[42S02]: Base table or view not found: 1146 Table 'vite_et_gourmand.communes_gironde' doesn't exist in C:\xampp\htdocs\ecf\formulaire_commande.php:132
Stack trace:
#0 C:\xampp\htdocs\ecf\formulaire_commande.php(132): PDO->query('\r\n          SEL...')
#1 {main}
  thrown in C:\xampp\htdocs\ecf\formulaire_commande.php on line 132
[17-May-2026 10:37:07 Europe/Berlin] PHP Fatal error:  Uncaught PDOException: SQLSTATE[42S02]: Base table or view not found: 1146 Table 'vite_et_gourmand.communes_gironde' doesn't exist in C:\xampp\htdocs\ecf\formulaire_commande.php:132
Stack trace:
#0 C:\xampp\htdocs\ecf\formulaire_commande.php(132): PDO->query('\r\n          SEL...')
#1 {main}
  thrown in C:\xampp\htdocs\ecf\formulaire_commande.php on line 132
[17-May-2026 10:41:25 Europe/Berlin] PHP Fatal error:  Uncaught PDOException: SQLSTATE[42S02]: Base table or view not found: 1146 Table 'vite_et_gourmand.communes_gironde' doesn't exist in C:\xampp\htdocs\ecf\formulaire_commande.php:132
Stack trace:
#0 C:\xampp\htdocs\ecf\formulaire_commande.php(132): PDO->query('\r\n          SEL...')
#1 {main}
  thrown in C:\xampp\htdocs\ecf\formulaire_commande.php on line 132
[17-May-2026 10:44:33 Europe/Berlin] PHP Fatal error:  Uncaught PDOException: SQLSTATE[42S02]: Base table or view not found: 1146 Table 'vite_et_gourmand.communes_gironde' doesn't exist in C:\xampp\htdocs\ecf\formulaire_commande.php:132
Stack trace:
#0 C:\xampp\htdocs\ecf\formulaire_commande.php(132): PDO->query('\r\n          SEL...')
#1 {main}
  thrown in C:\xampp\htdocs\ecf\formulaire_commande.php on line 132
[17-May-2026 10:45:51 Europe/Berlin] PHP Fatal error:  Uncaught PDOException: SQLSTATE[42S02]: Base table or view not found: 1146 Table 'vite_et_gourmand.communes_gironde' doesn't exist in C:\xampp\htdocs\ecf\formulaire_commande.php:132
Stack trace:
#0 C:\xampp\htdocs\ecf\formulaire_commande.php(132): PDO->query('\r\n          SEL...')
#1 {main}
  thrown in C:\xampp\htdocs\ecf\formulaire_commande.php on line 132
[17-May-2026 10:48:46 Europe/Berlin] PHP Fatal error:  Uncaught PDOException: SQLSTATE[42S02]: Base table or view not found: 1146 Table 'vite_et_gourmand.communes_gironde' doesn't exist in C:\xampp\htdocs\ecf\formulaire_commande.php:136
Stack trace:
#0 C:\xampp\htdocs\ecf\formulaire_commande.php(136): PDO->query('\r\n          SEL...')
#1 {main}
  thrown in C:\xampp\htdocs\ecf\formulaire_commande.php on line 136
[17-May-2026 10:49:13 Europe/Berlin] PHP Fatal error:  Uncaught PDOException: SQLSTATE[42S02]: Base table or view not found: 1146 Table 'vite_et_gourmand.communes_gironde' doesn't exist in C:\xampp\htdocs\ecf\formulaire_commande.php:136
Stack trace:
#0 C:\xampp\htdocs\ecf\formulaire_commande.php(136): PDO->query('\r\n          SEL...')
#1 {main}
  thrown in C:\xampp\htdocs\ecf\formulaire_commande.php on line 136
[17-May-2026 10:52:55 Europe/Berlin] PHP Fatal error:  Uncaught PDOException: SQLSTATE[42S22]: Column not found: 1054 Unknown column 'nom_commune' in 'field list' in C:\xampp\htdocs\ecf\formulaire_commande.php:136
Stack trace:
#0 C:\xampp\htdocs\ecf\formulaire_commande.php(136): PDO->query('\r\n          SEL...')
#1 {main}
  thrown in C:\xampp\htdocs\ecf\formulaire_commande.php on line 136
[17-May-2026 10:54:41 Europe/Berlin] PHP Fatal error:  Uncaught PDOException: SQLSTATE[42S22]: Column not found: 1054 Unknown column 'nom_commune' in 'order clause' in C:\xampp\htdocs\ecf\formulaire_commande.php:136
Stack trace:
#0 C:\xampp\htdocs\ecf\formulaire_commande.php(136): PDO->query('\r\n          SEL...')
#1 {main}
  thrown in C:\xampp\htdocs\ecf\formulaire_commande.php on line 136
[17-May-2026 10:54:48 Europe/Berlin] PHP Fatal error:  Uncaught PDOException: SQLSTATE[42S22]: Column not found: 1054 Unknown column 'nom_commune' in 'order clause' in C:\xampp\htdocs\ecf\formulaire_commande.php:136
Stack trace:
#0 C:\xampp\htdocs\ecf\formulaire_commande.php(136): PDO->query('\r\n          SEL...')
#1 {main}
  thrown in C:\xampp\htdocs\ecf\formulaire_commande.php on line 136
[17-May-2026 10:55:17 Europe/Berlin] PHP Fatal error:  Uncaught PDOException: SQLSTATE[42S22]: Column not found: 1054 Unknown column 'nom_commune' in 'order clause' in C:\xampp\htdocs\ecf\formulaire_commande.php:136
Stack trace:
#0 C:\xampp\htdocs\ecf\formulaire_commande.php(136): PDO->query('\r\n          SEL...')
#1 {main}
  thrown in C:\xampp\htdocs\ecf\formulaire_commande.php on line 136
[17-May-2026 12:10:23 Europe/Berlin] PHP Warning:  Undefined variable $id_utilisateur in C:\xampp\htdocs\ecf\traitement_commande.php on line 10
[17-May-2026 13:20:24 Europe/Berlin] PHP Warning:  Undefined variable $id_horaire_livraison in C:\xampp\htdocs\ecf\traitement_commande.php on line 13
[17-May-2026 13:27:17 Europe/Berlin] PHP Warning:  Undefined variable $id_horaire_livraison in C:\xampp\htdocs\ecf\traitement_commande.php on line 13
[17-May-2026 13:31:27 Europe/Berlin] PHP Warning:  Undefined variable $id_horaire_livraison in C:\xampp\htdocs\ecf\traitement_commande.php on line 13
[17-May-2026 16:02:53 Europe/Berlin] Erreur PDO : SQLSTATE[42000]: Syntax error or access violation: 1064 You have an error in your SQL syntax; check the manual that corresponds to your MariaDB server version for the right syntax to use near 'nb_entree2,
            nb_dessert1, 
            nb_dessert2,
           ...' at line 11
[17-May-2026 16:06:59 Europe/Berlin] Erreur PDO : SQLSTATE[42000]: Syntax error or access violation: 1064 You have an error in your SQL syntax; check the manual that corresponds to your MariaDB server version for the right syntax to use near 'nb_entree2,
            nb_dessert1, 
            nb_dessert2,
           ...' at line 11
[17-May-2026 16:14:35 Europe/Berlin] Erreur PDO : SQLSTATE[42000]: Syntax error or access violation: 1064 You have an error in your SQL syntax; check the manual that corresponds to your MariaDB server version for the right syntax to use near 'nb_entree2,
            nb_dessert1, 
            nb_dessert2,
           ...' at line 11
[17-May-2026 16:29:20 Europe/Berlin] Erreur PDO : SQLSTATE[42000]: Syntax error or access violation: 1064 You have an error in your SQL syntax; check the manual that corresponds to your MariaDB server version for the right syntax to use near 'nb_entree2,
            nb_dessert1, 
            nb_dessert2,
           ...' at line 11
[17-May-2026 16:34:13 Europe/Berlin] Erreur PDO : SQLSTATE[42000]: Syntax error or access violation: 1064 You have an error in your SQL syntax; check the manual that corresponds to your MariaDB server version for the right syntax to use near 'nb_entree2,
            nb_dessert1, 
            nb_dessert2,
           ...' at line 11
[17-May-2026 16:34:13 Europe/Berlin] PHP Warning:  Undefined variable $stmt in C:\xampp\htdocs\ecf\traitement_commande.php on line 147
[17-May-2026 16:34:13 Europe/Berlin] PHP Fatal error:  Uncaught Error: Call to a member function errorInfo() on null in C:\xampp\htdocs\ecf\traitement_commande.php:147
Stack trace:
#0 {main}
  thrown in C:\xampp\htdocs\ecf\traitement_commande.php on line 147
[17-May-2026 16:38:14 Europe/Berlin] PHP Warning:  Undefined global variable $_SESSION in C:\xampp\htdocs\ecf\traitement_commande.php on line 45
[17-May-2026 16:38:14 Europe/Berlin] PHP Warning:  Trying to access array offset on value of type null in C:\xampp\htdocs\ecf\traitement_commande.php on line 45
[17-May-2026 16:38:14 Europe/Berlin] Erreur PDO : SQLSTATE[42000]: Syntax error or access violation: 1064 You have an error in your SQL syntax; check the manual that corresponds to your MariaDB server version for the right syntax to use near 'nb_entree2,
            nb_dessert1, 
            nb_dessert2,
           ...' at line 11
[17-May-2026 16:38:14 Europe/Berlin] PHP Warning:  Undefined variable $stmt in C:\xampp\htdocs\ecf\traitement_commande.php on line 172
[17-May-2026 16:38:14 Europe/Berlin] PHP Fatal error:  Uncaught Error: Call to a member function errorInfo() on null in C:\xampp\htdocs\ecf\traitement_commande.php:172
Stack trace:
#0 {main}
  thrown in C:\xampp\htdocs\ecf\traitement_commande.php on line 172
[17-May-2026 16:52:36 Europe/Berlin] Erreur PDO : SQLSTATE[42000]: Syntax error or access violation: 1064 You have an error in your SQL syntax; check the manual that corresponds to your MariaDB server version for the right syntax to use near 'nb_entree2,
            nb_dessert1, 
            nb_dessert2,
           ...' at line 11
[17-May-2026 16:52:36 Europe/Berlin] PHP Warning:  Undefined variable $stmt in C:\xampp\htdocs\ecf\traitement_commande.php on line 148
[17-May-2026 16:52:36 Europe/Berlin] PHP Fatal error:  Uncaught Error: Call to a member function errorInfo() on null in C:\xampp\htdocs\ecf\traitement_commande.php:148
Stack trace:
#0 {main}
  thrown in C:\xampp\htdocs\ecf\traitement_commande.php on line 148
[17-May-2026 16:55:27 Europe/Berlin] Erreur PDO : SQLSTATE[42000]: Syntax error or access violation: 1064 You have an error in your SQL syntax; check the manual that corresponds to your MariaDB server version for the right syntax to use near 'nb_entree2,
            nb_dessert1, 
            nb_dessert2,
           ...' at line 11
[17-May-2026 16:59:57 Europe/Berlin] Erreur PDO : SQLSTATE[42S22]: Column not found: 1054 Unknown column 'nb_dessert2' in 'field list'
[17-May-2026 18:00:59 Europe/Berlin] PHP Fatal error:  Uncaught PDOException: SQLSTATE[42S22]: Column not found: 1054 Unknown column 'commandes.ville_livraison' in 'field list' in C:\xampp\htdocs\ecf\espace_employe.php:19
Stack trace:
#0 C:\xampp\htdocs\ecf\espace_employe.php(19): PDO->prepare('\r\n    SELECT \r\n...')
#1 {main}
  thrown in C:\xampp\htdocs\ecf\espace_employe.php on line 19
[17-May-2026 18:15:44 Europe/Berlin] PHP Warning:  Undefined variable $nb_plat_principal in C:\xampp\htdocs\ecf\traitement_commande.php on line 130
[17-May-2026 18:27:56 Europe/Berlin] PHP Fatal error:  Uncaught PDOException: SQLSTATE[42S22]: Column not found: 1054 Unknown column 'commandes.ville_livraison' in 'field list' in C:\xampp\htdocs\ecf\espace_employe.php:19
Stack trace:
#0 C:\xampp\htdocs\ecf\espace_employe.php(19): PDO->prepare('\r\n    SELECT \r\n...')
#1 {main}
  thrown in C:\xampp\htdocs\ecf\espace_employe.php on line 19
[18-May-2026 15:41:54 Europe/Berlin] PHP Fatal error:  Uncaught PDOException: SQLSTATE[42S22]: Column not found: 1054 Unknown column 'commandes.ville_livraison' in 'field list' in C:\xampp\htdocs\ecf\espace_employe.php:19
Stack trace:
#0 C:\xampp\htdocs\ecf\espace_employe.php(19): PDO->prepare('\r\n    SELECT \r\n...')
#1 {main}
  thrown in C:\xampp\htdocs\ecf\espace_employe.php on line 19
[18-May-2026 15:51:16 Europe/Berlin] PHP Fatal error:  Uncaught PDOException: SQLSTATE[42S22]: Column not found: 1054 Unknown column 'commandes.ville_livraison' in 'field list' in C:\xampp\htdocs\ecf\espace_employe.php:19
Stack trace:
#0 C:\xampp\htdocs\ecf\espace_employe.php(19): PDO->prepare('\r\n    SELECT \r\n...')
#1 {main}
  thrown in C:\xampp\htdocs\ecf\espace_employe.php on line 19
[18-May-2026 18:18:27 Europe/Berlin] PHP Fatal error:  Uncaught PDOException: SQLSTATE[42S22]: Column not found: 1054 Unknown column 'commandes.ville_livraison' in 'field list' in C:\xampp\htdocs\ecf\espace_employe.php:19
Stack trace:
#0 C:\xampp\htdocs\ecf\espace_employe.php(19): PDO->prepare('\r\n    SELECT \r\n...')
#1 {main}
  thrown in C:\xampp\htdocs\ecf\espace_employe.php on line 19
[19-May-2026 16:34:16 Europe/Berlin] PHP Fatal error:  Uncaught PDOException: SQLSTATE[42S22]: Column not found: 1054 Unknown column 'commandes.ville_livraison' in 'field list' in C:\xampp\htdocs\ecf\espace_employe.php:19
Stack trace:
#0 C:\xampp\htdocs\ecf\espace_employe.php(19): PDO->prepare('\r\n    SELECT \r\n...')
#1 {main}
  thrown in C:\xampp\htdocs\ecf\espace_employe.php on line 19
[19-May-2026 16:42:25 Europe/Berlin] PHP Fatal error:  Uncaught PDOException: SQLSTATE[42000]: Syntax error or access violation: 1064 You have an error in your SQL syntax; check the manual that corresponds to your MariaDB server version for the right syntax to use near 'INNER JOIN commune_gironde
        ON commandes.id_commune = commune_gironde...' at line 15 in C:\xampp\htdocs\ecf\espace_employe.php:31
Stack trace:
#0 C:\xampp\htdocs\ecf\espace_employe.php(31): PDO->prepare('\r\n    SELECT \r\n...')
#1 {main}
  thrown in C:\xampp\htdocs\ecf\espace_employe.php on line 31
[19-May-2026 17:09:48 Europe/Berlin] PHP Fatal error:  Uncaught PDOException: SQLSTATE[42S02]: Base table or view not found: 1146 Table 'vite_et_gourmand.id_statut_commande' doesn't exist in C:\xampp\htdocs\ecf\espace_employe.php:26
Stack trace:
#0 C:\xampp\htdocs\ecf\espace_employe.php(26): PDO->prepare('\r\n    SELECT \r\n...')
#1 {main}
  thrown in C:\xampp\htdocs\ecf\espace_employe.php on line 26
[19-May-2026 17:13:04 Europe/Berlin] PHP Fatal error:  Uncaught PDOException: SQLSTATE[42S02]: Base table or view not found: 1146 Table 'vite_et_gourmand.id_statut_commande' doesn't exist in C:\xampp\htdocs\ecf\espace_employe.php:26
Stack trace:
#0 C:\xampp\htdocs\ecf\espace_employe.php(26): PDO->prepare('\r\n    SELECT \r\n...')
#1 {main}
  thrown in C:\xampp\htdocs\ecf\espace_employe.php on line 26
[19-May-2026 17:16:42 Europe/Berlin] PHP Fatal error:  Uncaught PDOException: SQLSTATE[42S02]: Base table or view not found: 1146 Table 'vite_et_gourmand.id_statut_commande' doesn't exist in C:\xampp\htdocs\ecf\espace_employe.php:26
Stack trace:
#0 C:\xampp\htdocs\ecf\espace_employe.php(26): PDO->prepare('\r\n    SELECT \r\n...')
#1 {main}
  thrown in C:\xampp\htdocs\ecf\espace_employe.php on line 26
[19-May-2026 17:20:01 Europe/Berlin] PHP Fatal error:  Uncaught PDOException: SQLSTATE[42S22]: Column not found: 1054 Unknown column 'commandes.nombre_personnes' in 'field list' in C:\xampp\htdocs\ecf\espace_employe.php:26
Stack trace:
#0 C:\xampp\htdocs\ecf\espace_employe.php(26): PDO->prepare('\r\n    SELECT \r\n...')
#1 {main}
  thrown in C:\xampp\htdocs\ecf\espace_employe.php on line 26
[19-May-2026 17:21:36 Europe/Berlin] PHP Fatal error:  Uncaught PDOException: SQLSTATE[42S22]: Column not found: 1054 Unknown column 'commandes.statut_commande' in 'where clause' in C:\xampp\htdocs\ecf\espace_employe.php:26
Stack trace:
#0 C:\xampp\htdocs\ecf\espace_employe.php(26): PDO->prepare('\r\n    SELECT \r\n...')
#1 {main}
  thrown in C:\xampp\htdocs\ecf\espace_employe.php on line 26
[19-May-2026 17:26:05 Europe/Berlin] PHP Fatal error:  Uncaught PDOException: SQLSTATE[42S22]: Column not found: 1054 Unknown column 'commandes.statut_commande' in 'where clause' in C:\xampp\htdocs\ecf\espace_employe.php:26
Stack trace:
#0 C:\xampp\htdocs\ecf\espace_employe.php(26): PDO->prepare('\r\n    SELECT \r\n...')
#1 {main}
  thrown in C:\xampp\htdocs\ecf\espace_employe.php on line 26
[19-May-2026 17:32:33 Europe/Berlin] PHP Fatal error:  Uncaught PDOException: SQLSTATE[42S22]: Column not found: 1054 Unknown column 'commandes.statut_commande' in 'where clause' in C:\xampp\htdocs\ecf\espace_employe.php:26
Stack trace:
#0 C:\xampp\htdocs\ecf\espace_employe.php(26): PDO->prepare('\r\n    SELECT \r\n...')
#1 {main}
  thrown in C:\xampp\htdocs\ecf\espace_employe.php on line 26
[19-May-2026 18:30:51 Europe/Berlin] PHP Fatal error:  Uncaught PDOException: SQLSTATE[42S22]: Column not found: 1054 Unknown column 'commune_gironde.prix_livraison' in 'field list' in C:\xampp\htdocs\ecf\formulaire_commande.php:89
Stack trace:
#0 C:\xampp\htdocs\ecf\formulaire_commande.php(89): PDO->prepare('\r\nSELECT\r\n    c...')
#1 {main}
  thrown in C:\xampp\htdocs\ecf\formulaire_commande.php on line 89
[19-May-2026 18:37:52 Europe/Berlin] PHP Fatal error:  Uncaught PDOException: SQLSTATE[42S22]: Column not found: 1054 Unknown column 'commune_gironde.prix_livraison' in 'field list' in C:\xampp\htdocs\ecf\formulaire_commande.php:89
Stack trace:
#0 C:\xampp\htdocs\ecf\formulaire_commande.php(89): PDO->prepare('\r\nSELECT\r\n    c...')
#1 {main}
  thrown in C:\xampp\htdocs\ecf\formulaire_commande.php on line 89
[19-May-2026 18:39:22 Europe/Berlin] PHP Warning:  Undefined array key "prix_menu" in C:\xampp\htdocs\ecf\formulaire_commande.php on line 285
[19-May-2026 18:39:22 Europe/Berlin] PHP Warning:  Undefined array key "prix_menu" in C:\xampp\htdocs\ecf\formulaire_commande.php on line 296
[19-May-2026 19:15:21 Europe/Berlin] PHP Warning:  Undefined array key "prix_menu" in C:\xampp\htdocs\ecf\formulaire_commande.php on line 285
[19-May-2026 19:15:21 Europe/Berlin] PHP Warning:  Undefined array key "prix_menu" in C:\xampp\htdocs\ecf\formulaire_commande.php on line 296
[19-May-2026 19:54:58 Europe/Berlin] PHP Warning:  Undefined array key "prix_menu" in C:\xampp\htdocs\ecf\formulaire_commande.php on line 312
[19-May-2026 19:54:58 Europe/Berlin] PHP Warning:  Undefined array key "prix_menu" in C:\xampp\htdocs\ecf\formulaire_commande.php on line 324
[19-May-2026 19:55:08 Europe/Berlin] PHP Warning:  Undefined array key "prix_menu" in C:\xampp\htdocs\ecf\formulaire_commande.php on line 312
[19-May-2026 19:55:08 Europe/Berlin] PHP Warning:  Undefined array key "prix_menu" in C:\xampp\htdocs\ecf\formulaire_commande.php on line 324
[19-May-2026 19:55:09 Europe/Berlin] PHP Warning:  Undefined array key "prix_menu" in C:\xampp\htdocs\ecf\formulaire_commande.php on line 312
[19-May-2026 19:55:09 Europe/Berlin] PHP Warning:  Undefined array key "prix_menu" in C:\xampp\htdocs\ecf\formulaire_commande.php on line 324
[19-May-2026 19:56:02 Europe/Berlin] PHP Warning:  Undefined array key "prix_menu" in C:\xampp\htdocs\ecf\formulaire_commande.php on line 312
[19-May-2026 19:56:02 Europe/Berlin] PHP Warning:  Undefined array key "prix_menu" in C:\xampp\htdocs\ecf\formulaire_commande.php on line 324
[19-May-2026 20:07:24 Europe/Berlin] PHP Warning:  Undefined array key "prix_menu" in C:\xampp\htdocs\ecf\formulaire_commande.php on line 309
[19-May-2026 20:07:24 Europe/Berlin] PHP Warning:  Undefined array key "prix_menu" in C:\xampp\htdocs\ecf\formulaire_commande.php on line 321
[19-May-2026 20:07:25 Europe/Berlin] PHP Warning:  Undefined array key "prix_menu" in C:\xampp\htdocs\ecf\formulaire_commande.php on line 309
[19-May-2026 20:07:25 Europe/Berlin] PHP Warning:  Undefined array key "prix_menu" in C:\xampp\htdocs\ecf\formulaire_commande.php on line 321
[19-May-2026 20:08:07 Europe/Berlin] PHP Warning:  Undefined array key "prix_menu" in C:\xampp\htdocs\ecf\formulaire_commande.php on line 309
[19-May-2026 20:08:07 Europe/Berlin] PHP Warning:  Undefined array key "prix_menu" in C:\xampp\htdocs\ecf\formulaire_commande.php on line 321
[20-May-2026 19:32:41 Europe/Berlin] SQLSTATE[HY000] [2002] Aucune connexion n’a pu être établie car l’ordinateur cible l’a expressément refusée
[20-May-2026 19:33:03 Europe/Berlin] SQLSTATE[HY000] [2002] Aucune connexion n’a pu être établie car l’ordinateur cible l’a expressément refusée
[20-May-2026 19:33:07 Europe/Berlin] SQLSTATE[HY000] [2002] Aucune connexion n’a pu être établie car l’ordinateur cible l’a expressément refusée
[20-May-2026 19:33:12 Europe/Berlin] SQLSTATE[HY000] [2002] Aucune connexion n’a pu être établie car l’ordinateur cible l’a expressément refusée
[20-May-2026 19:33:16 Europe/Berlin] SQLSTATE[HY000] [2002] Aucune connexion n’a pu être établie car l’ordinateur cible l’a expressément refusée
[20-May-2026 19:33:20 Europe/Berlin] SQLSTATE[HY000] [2002] Aucune connexion n’a pu être établie car l’ordinateur cible l’a expressément refusée
[20-May-2026 19:33:24 Europe/Berlin] SQLSTATE[HY000] [2002] Aucune connexion n’a pu être établie car l’ordinateur cible l’a expressément refusée
